<?xml version="1.0" encoding="UTF-8"?>
<!-- Generated by org.testng.reporters.JUnitReportReporter -->
<testsuite name="Tests.SplashScreen" tests="1" time="1.320" ignored="0" failures="0" timestamp="17 Feb 2017 21:24:33 GMT" skipped="0" hostname="SQADT14011" errors="0">
  <testcase name="tapSignUpBtn" time="1.320" classname="Tests.SplashScreen"/>
</testsuite> <!-- Tests.SplashScreen -->
